2026-06-07 13:12:53 [INFO ] com.automation.listeners.ExtentTestListener - Initializing Extent Report for suite: Default suite
2026-06-07 13:12:57 [INFO ] com.automation.utils.ExcelUtil - Read 1 rows from sheet: FlightBookingData
2026-06-07 13:12:57 [INFO ] com.automation.base.BaseTest - === Starting Browser Setup ===
2026-06-07 13:13:06 [INFO ] com.automation.base.BaseTest - Navigated to: https://www.ixigo.com/
2026-06-07 13:13:06 [INFO ] com.automation.listeners.ExtentTestListener - Test started: testFlightBookingFlowFromExcel
2026-06-07 13:13:06 [INFO ] com.automation.tests.IxigoFlightBookingTest - === Live ixigo: Delhi → Mumbai | Mobile: 9340299487 | Expected: Pass ===
2026-06-07 13:13:07 [INFO ] com.automation.tests.IxigoFlightBookingTest - Step 1: Open ixigo flights and log in
2026-06-07 13:13:10 [INFO ] com.automation.pages.BasePage - Opened ixigo login modal
2026-06-07 13:13:11 [INFO ] com.automation.pages.BasePage - Entered mobile number
2026-06-07 13:13:18 [INFO ] com.automation.pages.BasePage - Clicked Continue on login
2026-06-07 13:13:18 [INFO ] com.automation.pages.BasePage - >>> Enter OTP manually on ixigo within 180 seconds <<<
2026-06-07 13:13:19 [INFO ] com.automation.pages.BasePage - Login modal closed — assuming OTP accepted
2026-06-07 13:13:19 [INFO ] com.automation.tests.IxigoFlightBookingTest - Step 2: Search flights
2026-06-07 13:14:19 [INFO ] com.automation.pages.BasePage - Typed airport query: Delhi
2026-06-07 13:14:19 [INFO ] com.automation.pages.BasePage - Selected airport: Delhi
2026-06-07 13:15:39 [INFO ] com.automation.utils.ScreenshotUtil - Screenshot embedded in Extent report (Base64)
2026-06-07 13:15:39 [ERROR] com.automation.base.BaseTest - [FAIL] Test FAILED: testFlightBookingFlowFromExcel
org.openqa.selenium.TimeoutException: Expected condition failed: waiting for visibility of element located by By.cssSelector: input.outline-none, input[type='text'] (tried for 60 second(s) with 500 milliseconds interval)
Build info: version: '4.15.0', revision: '1d14b5521b'
System info: os.name: 'Windows 11', os.arch: 'amd64', os.version: '10.0', java.version: '17.0.19'
Driver info: org.openqa.selenium.chrome.ChromeDriver
Capabilities {acceptInsecureCerts: false, browserName: chrome, browserVersion: 148.0.7778.217, chrome: {chromedriverVersion: 148.0.7778.178 (d096af1c9e9..., userDataDir: C:\Users\ANJALI~1\AppData\L...}, fedcm:accounts: true, goog:chromeOptions: {debuggerAddress: localhost:64584}, goog:processID: 14292, networkConnectionEnabled: false, pageLoadStrategy: normal, platformName: windows, proxy: Proxy(), se:cdp: ws://localhost:64584/devtoo..., se:cdpVersion: 148.0.7778.217, setWindowRect: true, strictFileInteractability: false, timeouts: {implicit: 0, pageLoad: 300000, script: 30000}, unhandledPromptBehavior: dismiss and notify, webauthn:extension:credBlob: true, webauthn:extension:largeBlob: true, webauthn:extension:minPinLength: true, webauthn:extension:prf: true, webauthn:virtualAuthenticators: true}
Session ID: bb36b700e512316fee160afdbd473617
	at org.openqa.selenium.support.ui.WebDriverWait.timeoutException(WebDriverWait.java:84) ~[selenium-support-4.15.0.jar:?]
	at org.openqa.selenium.support.ui.FluentWait.until(FluentWait.java:229) ~[selenium-support-4.15.0.jar:?]
	at com.automation.pages.IxigoFlightsHomePage.waitForOverlayInput(IxigoFlightsHomePage.java:53) ~[classes/:?]
	at com.automation.pages.IxigoFlightsHomePage.selectAirport(IxigoFlightsHomePage.java:44) ~[classes/:?]
	at com.automation.pages.IxigoFlightsHomePage.searchFlights(IxigoFlightsHomePage.java:37) ~[classes/:?]
	at com.automation.tests.IxigoFlightBookingTest.runLiveBookingFlow(IxigoFlightBookingTest.java:71) ~[test-classes/:?]
	at com.automation.tests.IxigoFlightBookingTest.testFlightBookingFlowFromExcel(IxigoFlightBookingTest.java:54) ~[test-classes/:?]
	at java.base/jdk.internal.reflect.NativeMethodAccessorImpl.invoke0(Native Method) ~[?:?]
	at java.base/jdk.internal.reflect.NativeMethodAccessorImpl.invoke(NativeMethodAccessorImpl.java:77) ~[?:?]
	at java.base/jdk.internal.reflect.DelegatingMethodAccessorImpl.invoke(DelegatingMethodAccessorImpl.java:43) ~[?:?]
	at java.base/java.lang.reflect.Method.invoke(Method.java:569) ~[?:?]
	at org.testng.internal.invokers.MethodInvocationHelper.invokeMethod(MethodInvocationHelper.java:139) ~[testng-7.8.0.jar:7.8.0]
	at org.testng.internal.invokers.TestInvoker.invokeMethod(TestInvoker.java:664) ~[testng-7.8.0.jar:7.8.0]
	at org.testng.internal.invokers.TestInvoker.invokeTestMethod(TestInvoker.java:227) ~[testng-7.8.0.jar:7.8.0]
	at org.testng.internal.invokers.MethodRunner.runInSequence(MethodRunner.java:50) ~[testng-7.8.0.jar:7.8.0]
	at org.testng.internal.invokers.TestInvoker$MethodInvocationAgent.invoke(TestInvoker.java:957) ~[testng-7.8.0.jar:7.8.0]
	at org.testng.internal.invokers.TestInvoker.invokeTestMethods(TestInvoker.java:200) ~[testng-7.8.0.jar:7.8.0]
	at org.testng.internal.invokers.TestMethodWorker.invokeTestMethods(TestMethodWorker.java:148) ~[testng-7.8.0.jar:7.8.0]
	at org.testng.internal.invokers.TestMethodWorker.run(TestMethodWorker.java:128) ~[testng-7.8.0.jar:7.8.0]
	at java.base/java.util.ArrayList.forEach(ArrayList.java:1511) [?:?]
	at org.testng.TestRunner.privateRun(TestRunner.java:848) [testng-7.8.0.jar:7.8.0]
	at org.testng.TestRunner.run(TestRunner.java:621) [testng-7.8.0.jar:7.8.0]
	at org.testng.SuiteRunner.runTest(SuiteRunner.java:443) [testng-7.8.0.jar:7.8.0]
	at org.testng.SuiteRunner.runSequentially(SuiteRunner.java:437) [testng-7.8.0.jar:7.8.0]
	at org.testng.SuiteRunner.privateRun(SuiteRunner.java:397) [testng-7.8.0.jar:7.8.0]
	at org.testng.SuiteRunner.run(SuiteRunner.java:336) [testng-7.8.0.jar:7.8.0]
	at org.testng.SuiteRunnerWorker.runSuite(SuiteRunnerWorker.java:52) [testng-7.8.0.jar:7.8.0]
	at org.testng.SuiteRunnerWorker.run(SuiteRunnerWorker.java:95) [testng-7.8.0.jar:7.8.0]
	at org.testng.TestNG.runSuitesSequentially(TestNG.java:1280) [testng-7.8.0.jar:7.8.0]
	at org.testng.TestNG.runSuitesLocally(TestNG.java:1200) [testng-7.8.0.jar:7.8.0]
	at org.testng.TestNG.runSuites(TestNG.java:1114) [testng-7.8.0.jar:7.8.0]
	at org.testng.TestNG.run(TestNG.java:1082) [testng-7.8.0.jar:7.8.0]
	at org.testng.remote.AbstractRemoteTestNG.run(AbstractRemoteTestNG.java:115) [testng-remote.jar:?]
	at org.testng.remote.RemoteTestNG.initAndRun(RemoteTestNG.java:293) [testng-remote.jar:?]
	at org.testng.remote.RemoteTestNG.main(RemoteTestNG.java:91) [testng-remote.jar:?]
2026-06-07 13:15:39 [INFO ] com.automation.base.BaseTest - === Browser Closed ===
2026-06-07 13:15:39 [INFO ] com.automation.listeners.ExtentTestListener - Flushing Extent Report
